{"logTime": "0410/072950", "correlationVector":"vLkiEzWFbJF9IU2aZi/m19.1","action":"SyncServerConnectionManagerRequest", "result":"SYNC_SERVER_OK", "context":{"environment":"Prod_southindia_prod-s01-004-apac-southindia", "migrationStage":"NotStarted", "server":"akswtt01100001a"}}
{"logTime": "0410/072950", "correlationVector":"vLkiEzWFbJF9IU2aZi/m19.2","action":"ProcessGetUpdates", "result":"Done", "context":{"dataType":"Encryption Keys", "deleted":"0", "process_failed_to_decrypt":"0", "process_pending_decryption":"0", "process_success":"1", "total":"1"}}
{"logTime": "0410/072951", "correlationVector":"rzLPQDwypQWbVGsu3CdbKS","action":"SyncServerConnectionManagerRequest", "result":"SYNC_SERVER_OK", "context":{"environment":"", "migrationStage":"", "server":""}}
{"logTime": "0410/072951", "correlationVector":"rzLPQDwypQWbVGsu3CdbKS.0","action":"EncryptionKeysFetcher.DownloadKeys:", "result":"Success", "context":Key count: 5, Last key timestamp: 2025-01-05T06:58:54Z}
{"logTime": "0410/072951", "correlationVector":"rzLPQDwypQWbVGsu3CdbKS.1","action":"EncryptionKeysManager::SetEncryptionKeys:", "result":"Success", "context":Key names[5]:[jPQofRIfTrG627F4sCiZAzf/SNGF137n6ctdhf01oaLj8YPAl5FvrTKr8TrHRR+5VYcXdyoWaAymYde9G6JsIw==][JXRSHPUYo+tS9M2KH9iJvDUk9E0ja55maee+sbF9RoZkHQr3aJ10L0ayMfCNpacgTu27D5CFoiD2uzBtJRiHSw==][VzEJLXjp9DI0nFScbaAwbbYnf3C3wj1l32lLl6UReWihV6YXbA10xlJHQyK9RIuZjbrmk1pvCCu61znvInLmiw==][5lZraO4xYEO9S1OkMxKY+gca/ONOeEOi1F9MP8FwR0FWcAY43Sextws5aAR/Bu10xC4JBN2DwaPJBU+1Wubnhg==][MHNnhM1I0r3PeKqR07JsEQAnDlQqfiz+buFYyW6n9Tenftruaj3r7B0dZg1YIu+jOFxaBJQNGgfNGfj+ERWKRg==]}
{"logTime": "0410/072951", "correlationVector":"rzLPQDwypQWbVGsu3CdbKS.2","action":"EncryptionKeysManager::SetEncryptionKeysWithTimestamps:", "result":"Success", "context":Key timestamps[5]:[2022-12-24T13:02:17Z][2023-07-12T16:30:26Z][2024-01-09T04:31:40Z][2024-07-09T06:20:33Z][2025-01-05T06:58:54Z]}
{"logTime": "0410/072951", "correlationVector":"vLkiEzWFbJF9IU2aZi/m19","action":"Initial GetUpdates", "result":"", "context":Reason: NEW_CLIENT. cV=vLkiEzWFbJF9IU2aZi/m19}
{"logTime": "0410/072951", "correlationVector":"vLkiEzWFbJF9IU2aZi/m19.3","action":"GetUpdates Response", "result":"Success", "context":Received 1 update(s). cV=vLkiEzWFbJF9IU2aZi/m19.0;server=akswtt01100001a;cloudType=Consumer;environment=Prod_southindia_prod-s01-004-apac-southindia;migrationStage=NotStarted}
{"logTime": "0410/072951", "correlationVector":"p/Z0fE+3vqCwcrb3x8/y8q","action":"Initial GetUpdates", "result":"", "context":Reason: NEWLY_SUPPORTED_DATATYPE. cV=p/Z0fE+3vqCwcrb3x8/y8q}
{"logTime": "0410/072951", "correlationVector":"p/Z0fE+3vqCwcrb3x8/y8q.1","action":"SyncServerConnectionManagerRequest", "result":"SYNC_SERVER_OK", "context":{"environment":"Prod_southindia_prod-s01-004-apac-southindia", "migrationStage":"NotStarted", "server":"akswtt01100002j"}}
{"logTime": "0410/072951", "correlationVector":"p/Z0fE+3vqCwcrb3x8/y8q.2","action":"ProcessGetUpdates", "result":"Done", "context":{"dataType":"Preferences", "deleted":"0", "process_failed_to_decrypt":"0", "process_pending_decryption":"0", "process_success":"68", "total":"68"}}
{"logTime": "0410/072951", "correlationVector":"p/Z0fE+3vqCwcrb3x8/y8q.3","action":"ProcessGetUpdates", "result":"Done", "context":{"dataType":"Passwords", "deleted":"0", "process_failed_to_decrypt":"0", "process_pending_decryption":"0", "process_success":"15", "total":"15"}}
{"logTime": "0410/072951", "correlationVector":"p/Z0fE+3vqCwcrb3x8/y8q.4","action":"ProcessGetUpdates", "result":"Done", "context":{"dataType":"Device Info", "deleted":"0", "process_failed_to_decrypt":"0", "process_pending_decryption":"0", "process_success":"7", "total":"7"}}
{"logTime": "0410/072951", "correlationVector":"p/Z0fE+3vqCwcrb3x8/y8q.5","action":"GetUpdates Response", "result":"Success", "context":Received 90 update(s). cV=p/Z0fE+3vqCwcrb3x8/y8q.0;server=akswtt01100002j;cloudType=Consumer;environment=Prod_southindia_prod-s01-004-apac-southindia;migrationStage=NotStarted}
{"logTime": "0410/072951", "correlationVector":"lRf25twOLa7cT/QZ5YI9SH","action":"Initial GetUpdates", "result":"", "context":Reason: NEWLY_SUPPORTED_DATATYPE. cV=lRf25twOLa7cT/QZ5YI9SH}
{"logTime": "0410/072952", "correlationVector":"lRf25twOLa7cT/QZ5YI9SH.1","action":"SyncServerConnectionManagerRequest", "result":"SYNC_SERVER_OK", "context":{"environment":"Prod_southindia_prod-s01-004-apac-southindia", "migrationStage":"NotStarted", "server":"akswtt01100002o"}}
{"logTime": "0410/072952", "correlationVector":"lRf25twOLa7cT/QZ5YI9SH.2","action":"ProcessGetUpdates", "result":"Done", "context":{"dataType":"Bookmarks", "deleted":"13", "process_failed_to_decrypt":"0", "process_pending_decryption":"0", "process_success":"30", "total":"30"}}
{"logTime": "0410/072952", "correlationVector":"lRf25twOLa7cT/QZ5YI9SH.3","action":"GetUpdates Response", "result":"Success", "context":Received 30 update(s). cV=lRf25twOLa7cT/QZ5YI9SH.0;server=akswtt01100002o;cloudType=Consumer;environment=Prod_southindia_prod-s01-004-apac-southindia;migrationStage=NotStarted}
{"logTime": "0410/072952", "correlationVector":"KI3xBUc/u/7YfVqSW89+K8","action":"Initial GetUpdates", "result":"", "context":Reason: NEWLY_SUPPORTED_DATATYPE. cV=KI3xBUc/u/7YfVqSW89+K8}
{"logTime": "0410/072952", "correlationVector":"KI3xBUc/u/7YfVqSW89+K8.1","action":"SyncServerConnectionManagerRequest", "result":"SYNC_SERVER_OK", "context":{"environment":"Prod_southindia_prod-s01-004-apac-southindia", "migrationStage":"NotStarted", "server":"akswtt01100002z"}}
{"logTime": "0410/072952", "correlationVector":"KI3xBUc/u/7YfVqSW89+K8.2","action":"ProcessGetUpdates", "result":"Done", "context":{"dataType":"Autofill Profiles", "deleted":"1", "process_failed_to_decrypt":"0", "process_pending_decryption":"0", "process_success":"28", "total":"28"}}
{"logTime": "0410/072952", "correlationVector":"KI3xBUc/u/7YfVqSW89+K8.3","action":"ProcessGetUpdates", "result":"Done", "context":{"dataType":"Autofill", "deleted":"0", "process_failed_to_decrypt":"0", "process_pending_decryption":"0", "process_success":"96", "total":"96"}}
{"logTime": "0410/072952", "correlationVector":"KI3xBUc/u/7YfVqSW89+K8.4","action":"ProcessGetUpdates", "result":"Done", "context":{"dataType":"Sessions", "deleted":"24", "process_failed_to_decrypt":"0", "process_pending_decryption":"0", "process_success":"35", "total":"35"}}
{"logTime": "0410/072952", "correlationVector":"KI3xBUc/u/7YfVqSW89+K8.5","action":"ProcessGetUpdates", "result":"Done", "context":{"dataType":"Edge Hub App Usage", "deleted":"9", "process_failed_to_decrypt":"0", "process_pending_decryption":"0", "process_success":"19", "total":"19"}}
{"logTime": "0410/072952", "correlationVector":"KI3xBUc/u/7YfVqSW89+K8.6","action":"GetUpdates Response", "result":"Success", "context":Received 178 update(s). cV=KI3xBUc/u/7YfVqSW89+K8.0;server=akswtt01100002z;cloudType=Consumer;environment=Prod_southindia_prod-s01-004-apac-southindia;migrationStage=NotStarted}
{"logTime": "0410/072952", "correlationVector":"EVRTcVRZZOy7QwUewjVTYg","action":"Initial GetUpdates", "result":"", "context":Reason: NEWLY_SUPPORTED_DATATYPE. cV=EVRTcVRZZOy7QwUewjVTYg}
{"logTime": "0410/072953", "correlationVector":"EVRTcVRZZOy7QwUewjVTYg.1","action":"SyncServerConnectionManagerRequest", "result":"SYNC_SERVER_OK", "context":{"environment":"Prod_southindia_prod-s01-004-apac-southindia", "migrationStage":"NotStarted", "server":"akswtt01100002z"}}
{"logTime": "0410/072953", "correlationVector":"EVRTcVRZZOy7QwUewjVTYg.2","action":"ProcessGetUpdates", "result":"Done", "context":{"dataType":"History", "deleted":"0", "process_failed_to_decrypt":"0", "process_pending_decryption":"0", "process_success":"32", "total":"32"}}
{"logTime": "0410/072953", "correlationVector":"EVRTcVRZZOy7QwUewjVTYg.3","action":"GetUpdates Response", "result":"Success", "context":Received 32 update(s). cV=EVRTcVRZZOy7QwUewjVTYg.0;server=akswtt01100002z;cloudType=Consumer;environment=Prod_southindia_prod-s01-004-apac-southindia;migrationStage=NotStarted}
{"logTime": "0410/072953", "correlationVector":"MWRGrvg4KQpdcgPAG6nk1E","action":"Normal GetUpdate request", "result":"", "context":cV=MWRGrvg4KQpdcgPAG6nk1E
Nudged types: Bookmarks, Sessions, Device Info, User Consents
Refresh requested types: Bookmarks, Preferences, Passwords, Autofill Profiles, Autofill, Extensions, Sessions, Extension settings, History Delete Directives, Device Info, User Consents, Send Tab To Self, Web Apps, History, Saved Tab Group, Collection, Edge E Drop, Edge Hub App Usage, Edge Tab Group, Edge Wallet, Encryption Keys}
{"logTime": "0410/072953", "correlationVector":"MWRGrvg4KQpdcgPAG6nk1E.1","action":"SyncServerConnectionManagerRequest", "result":"SYNC_SERVER_OK", "context":{"environment":"Prod_southindia_prod-s01-004-apac-southindia", "migrationStage":"NotStarted", "server":"akswtt01100000a"}}
{"logTime": "0410/072953", "correlationVector":"MWRGrvg4KQpdcgPAG6nk1E.2","action":"GetUpdates Response", "result":"Success", "context":Received 0 update(s). cV=MWRGrvg4KQpdcgPAG6nk1E.0;server=akswtt01100000a;cloudType=Consumer;environment=Prod_southindia_prod-s01-004-apac-southindia;migrationStage=NotStarted}
{"logTime": "0410/072953", "correlationVector":"afKZbms1CGYchP/nW7RSXX","action":"Commit Request", "result":"", "context":Item count: 10
Contributing types: Bookmarks, Sessions, Device Info, User Consents}
{"logTime": "0410/072954", "correlationVector":"afKZbms1CGYchP/nW7RSXX.1","action":"SyncServerConnectionManagerRequest", "result":"SYNC_SERVER_OK", "context":{"environment":"Prod_southindia_prod-s01-004-apac-southindia", "migrationStage":"NotStarted", "server":"akswtt01100001i"}}
{"logTime": "0410/072954", "correlationVector":"afKZbms1CGYchP/nW7RSXX.2","action":"Commit Response", "result":"Success", "context":Result: Success. cV=afKZbms1CGYchP/nW7RSXX.0;server=akswtt01100001i;cloudType=Consumer;environment=Prod_southindia_prod-s01-004-apac-southindia;migrationStage=NotStarted}
{"logTime": "0410/072954", "correlationVector":"7Zu+V0Yb22E7ua12wuzfPY","action":"Commit Request", "result":"", "context":Item count: 1
Contributing types: Preferences}
{"logTime": "0410/072954", "correlationVector":"7Zu+V0Yb22E7ua12wuzfPY.1","action":"SyncServerConnectionManagerRequest", "result":"SYNC_SERVER_OK", "context":{"environment":"Prod_southindia_prod-s01-004-apac-southindia", "migrationStage":"NotStarted", "server":"akswtt011000024"}}
{"logTime": "0410/072954", "correlationVector":"7Zu+V0Yb22E7ua12wuzfPY.2","action":"Commit Response", "result":"Success", "context":Result: Success. cV=7Zu+V0Yb22E7ua12wuzfPY.0;server=akswtt011000024;cloudType=Consumer;environment=Prod_southindia_prod-s01-004-apac-southindia;migrationStage=NotStarted}
{"logTime": "0410/073057", "correlationVector":"oWYGZy0zZdlx+Yz4KRMEEg.1","action":"SyncServerConnectionManagerRequest", "result":"SYNC_SERVER_OK", "context":{"environment":"Prod_southindia_prod-s01-004-apac-southindia", "migrationStage":"NotStarted", "server":"akswtt01100000k"}}
{"logTime": "0410/073057", "correlationVector":"oWYGZy0zZdlx+Yz4KRMEEg.2","action":"ProcessGetUpdates", "result":"Done", "context":{"dataType":"Encryption Keys", "deleted":"0", "process_failed_to_decrypt":"0", "process_pending_decryption":"0", "process_success":"1", "total":"1"}}
{"logTime": "0410/073058", "correlationVector":"I5C0QF7SKOxa6biiGyak3E","action":"SyncServerConnectionManagerRequest", "result":"SYNC_SERVER_OK", "context":{"environment":"", "migrationStage":"", "server":""}}
{"logTime": "0410/073058", "correlationVector":"I5C0QF7SKOxa6biiGyak3E.0","action":"EncryptionKeysFetcher.DownloadKeys:", "result":"Success", "context":Key count: 5, Last key timestamp: 2025-01-05T06:58:54Z}
{"logTime": "0410/073058", "correlationVector":"I5C0QF7SKOxa6biiGyak3E.1","action":"EncryptionKeysManager::SetEncryptionKeys:", "result":"Success", "context":Key names[5]:[jPQofRIfTrG627F4sCiZAzf/SNGF137n6ctdhf01oaLj8YPAl5FvrTKr8TrHRR+5VYcXdyoWaAymYde9G6JsIw==][JXRSHPUYo+tS9M2KH9iJvDUk9E0ja55maee+sbF9RoZkHQr3aJ10L0ayMfCNpacgTu27D5CFoiD2uzBtJRiHSw==][VzEJLXjp9DI0nFScbaAwbbYnf3C3wj1l32lLl6UReWihV6YXbA10xlJHQyK9RIuZjbrmk1pvCCu61znvInLmiw==][5lZraO4xYEO9S1OkMxKY+gca/ONOeEOi1F9MP8FwR0FWcAY43Sextws5aAR/Bu10xC4JBN2DwaPJBU+1Wubnhg==][MHNnhM1I0r3PeKqR07JsEQAnDlQqfiz+buFYyW6n9Tenftruaj3r7B0dZg1YIu+jOFxaBJQNGgfNGfj+ERWKRg==]}
{"logTime": "0410/073058", "correlationVector":"I5C0QF7SKOxa6biiGyak3E.2","action":"EncryptionKeysManager::SetEncryptionKeysWithTimestamps:", "result":"Success", "context":Key timestamps[5]:[2022-12-24T13:02:17Z][2023-07-12T16:30:26Z][2024-01-09T04:31:40Z][2024-07-09T06:20:33Z][2025-01-05T06:58:54Z]}
{"logTime": "0410/073058", "correlationVector":"oWYGZy0zZdlx+Yz4KRMEEg","action":"Initial GetUpdates", "result":"", "context":Reason: NEW_CLIENT. cV=oWYGZy0zZdlx+Yz4KRMEEg}
{"logTime": "0410/073058", "correlationVector":"oWYGZy0zZdlx+Yz4KRMEEg.3","action":"GetUpdates Response", "result":"Success", "context":Received 1 update(s). cV=oWYGZy0zZdlx+Yz4KRMEEg.0;server=akswtt01100000k;cloudType=Consumer;environment=Prod_southindia_prod-s01-004-apac-southindia;migrationStage=NotStarted}
{"logTime": "0410/073058", "correlationVector":"03bApwhOV6n87JAEtz+rmY","action":"Initial GetUpdates", "result":"", "context":Reason: NEWLY_SUPPORTED_DATATYPE. cV=03bApwhOV6n87JAEtz+rmY}
{"logTime": "0410/073100", "correlationVector":"03bApwhOV6n87JAEtz+rmY.1","action":"SyncServerConnectionManagerRequest", "result":"SYNC_SERVER_OK", "context":{"environment":"Prod_southindia_prod-s01-004-apac-southindia", "migrationStage":"NotStarted", "server":"akswtt01100001i"}}
{"logTime": "0410/073100", "correlationVector":"03bApwhOV6n87JAEtz+rmY.2","action":"ProcessGetUpdates", "result":"Done", "context":{"dataType":"Passwords", "deleted":"0", "process_failed_to_decrypt":"0", "process_pending_decryption":"0", "process_success":"15", "total":"15"}}
{"logTime": "0410/073100", "correlationVector":"03bApwhOV6n87JAEtz+rmY.3","action":"GetUpdates Response", "result":"Success", "context":Received 15 update(s). cV=03bApwhOV6n87JAEtz+rmY.0;server=akswtt01100001i;cloudType=Consumer;environment=Prod_southindia_prod-s01-004-apac-southindia;migrationStage=NotStarted}
{"logTime": "0410/073100", "correlationVector":"YKmT+GytZvtoix5gRPwfDv","action":"Normal GetUpdate request", "result":"", "context":cV=YKmT+GytZvtoix5gRPwfDv
Nudged types: Sessions, History
Refresh requested types: Bookmarks, Preferences, Passwords, Autofill Profiles, Autofill, Extensions, Sessions, Extension settings, History Delete Directives, Device Info, User Consents, Send Tab To Self, Web Apps, History, Saved Tab Group, Collection, Edge E Drop, Edge Hub App Usage, Edge Tab Group, Edge Wallet, Encryption Keys}
{"logTime": "0410/073100", "correlationVector":"YKmT+GytZvtoix5gRPwfDv.1","action":"SyncServerConnectionManagerRequest", "result":"SYNC_SERVER_OK", "context":{"environment":"Prod_southindia_prod-s01-004-apac-southindia", "migrationStage":"NotStarted", "server":"akswtt01100003a"}}
{"logTime": "0410/073100", "correlationVector":"YKmT+GytZvtoix5gRPwfDv.2","action":"ProcessGetUpdates", "result":"Done", "context":{"dataType":"Bookmarks", "deleted":"0", "process_failed_to_decrypt":"0", "process_pending_decryption":"0", "process_success":"5", "total":"5"}}
{"logTime": "0410/073100", "correlationVector":"YKmT+GytZvtoix5gRPwfDv.3","action":"ProcessGetUpdates", "result":"Done", "context":{"dataType":"Preferences", "deleted":"0", "process_failed_to_decrypt":"0", "process_pending_decryption":"0", "process_success":"1", "total":"1"}}
{"logTime": "0410/073100", "correlationVector":"YKmT+GytZvtoix5gRPwfDv.4","action":"ProcessGetUpdates", "result":"Done", "context":{"dataType":"Sessions", "deleted":"0", "process_failed_to_decrypt":"0", "process_pending_decryption":"0", "process_success":"2", "total":"2"}}
{"logTime": "0410/073100", "correlationVector":"YKmT+GytZvtoix5gRPwfDv.5","action":"ProcessGetUpdates", "result":"Done", "context":{"dataType":"Device Info", "deleted":"0", "process_failed_to_decrypt":"0", "process_pending_decryption":"0", "process_success":"1", "total":"1"}}
{"logTime": "0410/073100", "correlationVector":"YKmT+GytZvtoix5gRPwfDv.6","action":"GetUpdates Response", "result":"Success", "context":Received 9 update(s). cV=YKmT+GytZvtoix5gRPwfDv.0;server=akswtt01100003a;cloudType=Consumer;environment=Prod_southindia_prod-s01-004-apac-southindia;migrationStage=NotStarted}
{"logTime": "0410/073100", "correlationVector":"4lL94bBwKdAw5lgNajt699","action":"Commit Request", "result":"", "context":Item count: 5
Contributing types: Sessions, History}
{"logTime": "0410/073101", "correlationVector":"4lL94bBwKdAw5lgNajt699.1","action":"SyncServerConnectionManagerRequest", "result":"SYNC_SERVER_OK", "context":{"environment":"Prod_southindia_prod-s01-004-apac-southindia", "migrationStage":"NotStarted", "server":"akswtt01100002v"}}
{"logTime": "0410/073101", "correlationVector":"4lL94bBwKdAw5lgNajt699.2","action":"Commit Response", "result":"Success", "context":Result: Success. cV=4lL94bBwKdAw5lgNajt699.0;server=akswtt01100002v;cloudType=Consumer;environment=Prod_southindia_prod-s01-004-apac-southindia;migrationStage=NotStarted}
{"logTime": "0410/073105", "correlationVector":"kq5olKVns7CDxflDw7OjpL","action":"Commit Request", "result":"", "context":Item count: 1
Contributing types: Preferences}
{"logTime": "0410/073105", "correlationVector":"kq5olKVns7CDxflDw7OjpL.1","action":"SyncServerConnectionManagerRequest", "result":"SYNC_SERVER_OK", "context":{"environment":"Prod_southindia_prod-s01-004-apac-southindia", "migrationStage":"NotStarted", "server":"akswtt01100000e"}}
{"logTime": "0410/073105", "correlationVector":"kq5olKVns7CDxflDw7OjpL.2","action":"Commit Response", "result":"Success", "context":Result: Success. cV=kq5olKVns7CDxflDw7OjpL.0;server=akswtt01100000e;cloudType=Consumer;environment=Prod_southindia_prod-s01-004-apac-southindia;migrationStage=NotStarted}
