2025-04-10 07:29:45.141: [INFO][Sync] Reset engine, reason: 8
2025-04-10 07:29:45.141: [INFO][Sync] Stopped: Bookmarks
2025-04-10 07:29:45.141: [INFO][Sync] Stopped: Preferences
2025-04-10 07:29:45.142: [INFO][Sync] Stopped: Passwords
2025-04-10 07:29:45.142: [INFO][Sync] Stopped: Autofill Profiles
2025-04-10 07:29:45.142: [INFO][Sync] Stopped: Autofill
2025-04-10 07:29:45.142: [INFO][Sync] Stopped: Extensions
2025-04-10 07:29:45.142: [INFO][Sync] Stopped: Sessions
2025-04-10 07:29:45.142: [INFO][Sync] Stopped: Extension settings
2025-04-10 07:29:45.142: [INFO][Sync] Stopped: History Delete Directives
2025-04-10 07:29:45.142: [INFO][Sync] Stopped: Device Info
2025-04-10 07:29:45.142: [INFO][Sync] Stopped: User Consents
2025-04-10 07:29:45.142: [INFO][Sync] Stopped: Send Tab To Self
2025-04-10 07:29:45.142: [INFO][Sync] Stopped: Web Apps
2025-04-10 07:29:45.142: [INFO][Sync] Stopped: History
2025-04-10 07:29:45.142: [INFO][Sync] Stopped: Saved Tab Group
2025-04-10 07:29:45.142: [INFO][Sync] Stopped: Collection
2025-04-10 07:29:45.142: [INFO][Sync] Stopped: Edge E Drop
2025-04-10 07:29:45.142: [INFO][Sync] Stopped: Edge Hub App Usage
2025-04-10 07:29:45.142: [INFO][Sync] Stopped: Edge Tab Group
2025-04-10 07:29:45.142: [INFO][Sync] Stopped: Edge Wallet
2025-04-10 07:29:45.144: [INFO][Sync] SyncState after authenticated was: NotSignedIn
2025-04-10 07:29:45.684: [INFO][Sync] Reset engine, reason: 8
2025-04-10 07:29:45.684: [INFO][Sync] Stopped: Bookmarks
2025-04-10 07:29:45.684: [INFO][Sync] Stopped: Preferences
2025-04-10 07:29:45.684: [INFO][Sync] Stopped: Passwords
2025-04-10 07:29:45.684: [INFO][Sync] Stopped: Autofill Profiles
2025-04-10 07:29:45.684: [INFO][Sync] Stopped: Autofill
2025-04-10 07:29:45.684: [INFO][Sync] Stopped: Extensions
2025-04-10 07:29:45.684: [INFO][Sync] Stopped: Sessions
2025-04-10 07:29:45.684: [INFO][Sync] Stopped: Extension settings
2025-04-10 07:29:45.684: [INFO][Sync] Stopped: History Delete Directives
2025-04-10 07:29:45.684: [INFO][Sync] Stopped: Device Info
2025-04-10 07:29:45.684: [INFO][Sync] Stopped: User Consents
2025-04-10 07:29:45.684: [INFO][Sync] Stopped: Send Tab To Self
2025-04-10 07:29:45.684: [INFO][Sync] Stopped: Web Apps
2025-04-10 07:29:45.684: [INFO][Sync] Stopped: History
2025-04-10 07:29:45.684: [INFO][Sync] Stopped: Saved Tab Group
2025-04-10 07:29:45.684: [INFO][Sync] Stopped: Collection
2025-04-10 07:29:45.684: [INFO][Sync] Stopped: Edge E Drop
2025-04-10 07:29:45.684: [INFO][Sync] Stopped: Edge Hub App Usage
2025-04-10 07:29:45.684: [INFO][Sync] Stopped: Edge Tab Group
2025-04-10 07:29:45.684: [INFO][Sync] Stopped: Edge Wallet
2025-04-10 07:29:46.243: [INFO][Sync] Try to start sync engine
2025-04-10 07:29:46.245: [INFO][SyncManagerImpl::NudgeForInitialDownload] Initial download nudge for Encryption Keys
2025-04-10 07:29:46.245: [INFO][SyncEngineBackend::LoadAndConnectNigoriController] Load and connect Nigori controller
2025-04-10 07:29:46.245: [INFO][SyncEngineBackend::DoInitialize] Control Types added: Encryption Keys
2025-04-10 07:29:46.245: [INFO][SyncManagerImpl::ConfigureSyncer] Types to download: Encryption Keys with reason: 3
2025-04-10 07:29:46.246: [INFO][SyncSchedulerImpl::DoConfigurationSyncCycleJob] Configure job was blocked
2025-04-10 07:29:46.688: [INFO][SyncAuthManager::SetLastAuthError] Current auth error: None
2025-04-10 07:29:46.688: [INFO][SyncAuthManager::EdgeLogTokenErrorState] Token error with: None for account type: MSA
2025-04-10 07:29:46.688: [INFO][Sync] Credentials changed for: EdgeSyncScopeNew
2025-04-10 07:29:49.802: [INFO][SyncAuthManager::SetLastAuthError] Current auth error: None
2025-04-10 07:29:49.802: [INFO][SyncAuthManager::EdgeLogTokenErrorState] Token error with: None for account type: MSA
2025-04-10 07:29:49.802: [INFO][Sync] Credentials changed for: EdgeSyncKeyDataScope
2025-04-10 07:29:49.802: [INFO][SyncEngineBackend::DoUpdateKeyDataCredentials] Update key data credentials
2025-04-10 07:29:49.802: [INFO][SyncEngineBackend::DoUpdateCredentials] Update credentials
2025-04-10 07:29:49.802: [INFO][SyncSchedulerImpl::DoConfigurationSyncCycleJob] Blocked types:  and types to download: Encryption Keys
2025-04-10 07:29:50.881: [INFO][Sync] Started DataTypeManager configuration, reason: 4
2025-04-10 07:29:50.881: [INFO][Sync] Configuring for: Bookmarks, Preferences, Passwords, Autofill Profiles, Autofill, Extensions, Sessions, Extension settings, History Delete Directives, Device Info, User Consents, Send Tab To Self, Web Apps, History, Saved Tab Group, Collection, Edge E Drop, Edge Hub App Usage, Edge Tab Group, Edge Wallet, Encryption Keys, reason: 3, current state: 0
2025-04-10 07:29:50.881: [WARN][Sync] Crypto error data types: Passwords, Autofill Profiles, Autofill
2025-04-10 07:29:50.882: [INFO][Sync] Configure, desired: Bookmarks, Preferences, Extensions, Sessions, Extension settings, History Delete Directives, Device Info, User Consents, Send Tab To Self, Web Apps, History, Saved Tab Group, Collection, Edge E Drop, Edge Hub App Usage, Edge Tab Group, Edge Wallet, Encryption Keys; Allow fail: Passwords, Autofill Profiles, Autofill
2025-04-10 07:29:50.882: [INFO][Sync] Loading: Bookmarks
2025-04-10 07:29:50.882: [INFO][Sync] Loading: Preferences
2025-04-10 07:29:50.882: [INFO][Sync] Loading: Extensions
2025-04-10 07:29:50.882: [INFO][Sync] Loading: Sessions
2025-04-10 07:29:50.882: [INFO][Sync] Loading: Extension settings
2025-04-10 07:29:50.882: [INFO][Sync] Loading: History Delete Directives
2025-04-10 07:29:50.882: [INFO][Sync] Loading: Device Info
2025-04-10 07:29:50.882: [INFO][Sync] Loading: User Consents
2025-04-10 07:29:50.882: [INFO][Sync] Loading: Send Tab To Self
2025-04-10 07:29:50.882: [INFO][Sync] Loading: Web Apps
2025-04-10 07:29:50.882: [INFO][Sync] Loading: History
2025-04-10 07:29:50.882: [INFO][Sync] Loading: Saved Tab Group
2025-04-10 07:29:50.882: [INFO][Sync] Loading: Collection
2025-04-10 07:29:50.882: [INFO][Sync] Loading: Edge E Drop
2025-04-10 07:29:50.882: [INFO][Sync] Loading: Edge Hub App Usage
2025-04-10 07:29:50.882: [INFO][Sync] Loading: Edge Tab Group
2025-04-10 07:29:50.882: [INFO][Sync] Loading: Edge Wallet
2025-04-10 07:29:50.885: [INFO][Sync] All data types are ready for configure.
2025-04-10 07:29:51.499: [INFO][Sync] Started DataTypeManager configuration, reason: 5
2025-04-10 07:29:51.499: [INFO][Sync] Configuring for: Bookmarks, Preferences, Passwords, Autofill Profiles, Autofill, Extensions, Sessions, Extension settings, History Delete Directives, Device Info, User Consents, Send Tab To Self, Web Apps, History, Saved Tab Group, Collection, Edge E Drop, Edge Hub App Usage, Edge Tab Group, Edge Wallet, Encryption Keys, reason: 5, current state: 1
2025-04-10 07:29:51.505: [INFO][SyncEngineBackend::DoStartConfiguration] Start configuration
2025-04-10 07:29:51.505: [INFO][SyncManagerImpl::NudgeForInitialDownload] Initial download nudge for Bookmarks
2025-04-10 07:29:51.505: [INFO][SyncManagerImpl::NudgeForInitialDownload] Initial download nudge for Preferences
2025-04-10 07:29:51.505: [INFO][SyncManagerImpl::NudgeForInitialDownload] Initial download nudge for Extensions
2025-04-10 07:29:51.505: [INFO][SyncManagerImpl::NudgeForInitialDownload] Initial download nudge for Sessions
2025-04-10 07:29:51.505: [INFO][SyncManagerImpl::NudgeForInitialDownload] Initial download nudge for Extension settings
2025-04-10 07:29:51.505: [INFO][SyncManagerImpl::NudgeForInitialDownload] Initial download nudge for History Delete Directives
2025-04-10 07:29:51.505: [INFO][SyncManagerImpl::NudgeForInitialDownload] Initial download nudge for Device Info
2025-04-10 07:29:51.505: [INFO][SyncManagerImpl::NudgeForInitialDownload] Initial download nudge for Send Tab To Self
2025-04-10 07:29:51.505: [INFO][SyncManagerImpl::NudgeForInitialDownload] Initial download nudge for Web Apps
2025-04-10 07:29:51.505: [INFO][SyncManagerImpl::NudgeForInitialDownload] Initial download nudge for History
2025-04-10 07:29:51.506: [INFO][SyncManagerImpl::NudgeForInitialDownload] Initial download nudge for Saved Tab Group
2025-04-10 07:29:51.506: [INFO][SyncManagerImpl::NudgeForInitialDownload] Initial download nudge for Collection
2025-04-10 07:29:51.506: [INFO][SyncManagerImpl::NudgeForInitialDownload] Initial download nudge for Edge E Drop
2025-04-10 07:29:51.506: [INFO][SyncManagerImpl::NudgeForInitialDownload] Initial download nudge for Edge Hub App Usage
2025-04-10 07:29:51.506: [INFO][SyncManagerImpl::NudgeForInitialDownload] Initial download nudge for Edge Tab Group
2025-04-10 07:29:51.506: [INFO][SyncManagerImpl::NudgeForInitialDownload] Initial download nudge for Edge Wallet
2025-04-10 07:29:51.506: [INFO][SyncManagerImpl::ConfigureSyncer] Types to download:  with reason: 3
2025-04-10 07:29:51.506: [INFO][SyncEngineBackend::DoFinishConfigureDataTypes] Failed to download types:  and succeeded types: 
2025-04-10 07:29:51.506: [INFO][Sync] ConfigurationDone, failed: , succeeded: , remaining count: 4
2025-04-10 07:29:51.506: [WARN][Sync]     Reconfigure requested while configuration ongoing.
2025-04-10 07:29:51.506: [INFO][Sync] Configuring for: Bookmarks, Preferences, Passwords, Autofill Profiles, Autofill, Extensions, Sessions, Extension settings, History Delete Directives, Device Info, User Consents, Send Tab To Self, Web Apps, History, Saved Tab Group, Collection, Edge E Drop, Edge Hub App Usage, Edge Tab Group, Edge Wallet, Encryption Keys, reason: 5, current state: 2
2025-04-10 07:29:51.506: [INFO][Sync] Configure, desired: Bookmarks, Preferences, Passwords, Autofill Profiles, Autofill, Extensions, Sessions, Extension settings, History Delete Directives, Device Info, User Consents, Send Tab To Self, Web Apps, History, Saved Tab Group, Collection, Edge E Drop, Edge Hub App Usage, Edge Tab Group, Edge Wallet, Encryption Keys; Allow fail: 
2025-04-10 07:29:51.506: [INFO][Sync] Loading: Passwords
2025-04-10 07:29:51.506: [INFO][Sync] Loading: Autofill Profiles
2025-04-10 07:29:51.506: [INFO][Sync] Loading: Autofill
2025-04-10 07:29:51.506: [INFO][Sync] All data types are ready for configure.
2025-04-10 07:29:51.506: [INFO][SyncManagerImpl::NudgeForInitialDownload] Initial download nudge for Passwords
2025-04-10 07:29:51.506: [INFO][SyncManagerImpl::NudgeForInitialDownload] Initial download nudge for Autofill Profiles
2025-04-10 07:29:51.506: [INFO][SyncManagerImpl::NudgeForInitialDownload] Initial download nudge for Autofill
2025-04-10 07:29:51.506: [INFO][SyncManagerImpl::ConfigureSyncer] Types to download:  with reason: 5
2025-04-10 07:29:51.506: [INFO][SyncEngineBackend::DoFinishConfigureDataTypes] Failed to download types:  and succeeded types: 
2025-04-10 07:29:51.506: [INFO][Sync] ConfigurationDone, failed: , succeeded: , remaining count: 4
2025-04-10 07:29:51.506: [INFO][Sync] Prepare to configure types: Preferences, Passwords, Device Info, Send Tab To Self, Edge E Drop, Encryption Keys
2025-04-10 07:29:51.506: [INFO][SyncManagerImpl::ConfigureSyncer] Types to download: Preferences, Passwords, Device Info, Send Tab To Self, Edge E Drop, Encryption Keys with reason: 5
2025-04-10 07:29:51.506: [INFO][SyncSchedulerImpl::DoConfigurationSyncCycleJob] Blocked types:  and types to download: Preferences, Passwords, Device Info, Send Tab To Self, Edge E Drop, Encryption Keys
2025-04-10 07:29:51.858: [INFO][SyncEngineBackend::DoFinishConfigureDataTypes] Failed to download types:  and succeeded types: Preferences, Passwords, Device Info, Send Tab To Self, Edge E Drop, Encryption Keys
2025-04-10 07:29:51.860: [INFO][Sync] ConfigurationDone, failed: , succeeded: Preferences, Passwords, Device Info, Send Tab To Self, Edge E Drop, Encryption Keys, remaining count: 3
2025-04-10 07:29:51.860: [INFO][Sync] Prepare to configure types: Bookmarks, Encryption Keys
2025-04-10 07:29:51.860: [INFO][SyncManagerImpl::ConfigureSyncer] Types to download: Bookmarks, Encryption Keys with reason: 5
2025-04-10 07:29:51.860: [INFO][SyncSchedulerImpl::DoConfigurationSyncCycleJob] Blocked types:  and types to download: Bookmarks, Encryption Keys
2025-04-10 07:29:52.124: [INFO][SyncEngineBackend::DoFinishConfigureDataTypes] Failed to download types:  and succeeded types: Bookmarks, Encryption Keys
2025-04-10 07:29:52.146: [INFO][Sync] ConfigurationDone, failed: , succeeded: Bookmarks, Encryption Keys, remaining count: 2
2025-04-10 07:29:52.146: [INFO][Sync] Prepare to configure types: Autofill Profiles, Autofill, Extensions, Sessions, Extension settings, History Delete Directives, Web Apps, Saved Tab Group, Collection, Edge Hub App Usage, Edge Tab Group, Edge Wallet, Encryption Keys
2025-04-10 07:29:52.146: [INFO][SyncManagerImpl::ConfigureSyncer] Types to download: Autofill Profiles, Autofill, Extensions, Sessions, Extension settings, History Delete Directives, Web Apps, Saved Tab Group, Collection, Edge Hub App Usage, Edge Tab Group, Edge Wallet, Encryption Keys with reason: 5
2025-04-10 07:29:52.146: [INFO][SyncSchedulerImpl::DoConfigurationSyncCycleJob] Blocked types:  and types to download: Autofill Profiles, Autofill, Extensions, Sessions, Extension settings, History Delete Directives, Web Apps, Saved Tab Group, Collection, Edge Hub App Usage, Edge Tab Group, Edge Wallet, Encryption Keys
2025-04-10 07:29:52.799: [INFO][SyncEngineBackend::DoFinishConfigureDataTypes] Failed to download types:  and succeeded types: Autofill Profiles, Autofill, Extensions, Sessions, Extension settings, History Delete Directives, Web Apps, Saved Tab Group, Collection, Edge Hub App Usage, Edge Tab Group, Edge Wallet, Encryption Keys
2025-04-10 07:29:52.800: [INFO][Sync] ConfigurationDone, failed: , succeeded: Autofill Profiles, Autofill, Extensions, Sessions, Extension settings, History Delete Directives, Web Apps, Saved Tab Group, Collection, Edge Hub App Usage, Edge Tab Group, Edge Wallet, Encryption Keys, remaining count: 1
2025-04-10 07:29:52.801: [INFO][Sync] Prepare to configure types: History, Encryption Keys
2025-04-10 07:29:52.801: [INFO][SyncManagerImpl::ConfigureSyncer] Types to download: History, Encryption Keys with reason: 5
2025-04-10 07:29:52.801: [INFO][SyncSchedulerImpl::DoConfigurationSyncCycleJob] Blocked types:  and types to download: History, Encryption Keys
2025-04-10 07:29:53.062: [INFO][SyncEngineBackend::DoFinishConfigureDataTypes] Failed to download types:  and succeeded types: History, Encryption Keys
2025-04-10 07:29:53.068: [INFO][Sync] ConfigurationDone, failed: , succeeded: History, Encryption Keys, remaining count: 0
2025-04-10 07:29:53.074: [INFO][Sync]     Configuration completed, state: 7
2025-04-10 07:29:53.074: [INFO][Sync] Configured DataTypeManager: Ok
2025-04-10 07:29:53.081: [INFO][SyncEngineBackend::DoStartSyncing] Start syncing
2025-04-10 07:30:27.010: [INFO][Sync] Reset engine, reason: 0
2025-04-10 07:30:27.010: [INFO][Sync] Reset engine with reason: 0
2025-04-10 07:30:54.374: [INFO][Sync] SyncState after authenticated was: FeatureCanStart
2025-04-10 07:30:54.873: [INFO][Sync] Try to start sync engine
2025-04-10 07:30:54.875: [INFO][SyncManagerImpl::NudgeForInitialDownload] Initial download nudge for Encryption Keys
2025-04-10 07:30:54.875: [INFO][SyncEngineBackend::LoadAndConnectNigoriController] Load and connect Nigori controller
2025-04-10 07:30:54.875: [INFO][SyncEngineBackend::DoInitialize] Control Types added: Encryption Keys
2025-04-10 07:30:54.875: [INFO][SyncManagerImpl::ConfigureSyncer] Types to download: Encryption Keys with reason: 3
2025-04-10 07:30:54.875: [INFO][SyncSchedulerImpl::DoConfigurationSyncCycleJob] Configure job was blocked
2025-04-10 07:30:54.930: [INFO][SyncAuthManager::SetLastAuthError] Current auth error: None
2025-04-10 07:30:54.930: [INFO][SyncAuthManager::EdgeLogTokenErrorState] Token error with: None for account type: MSA
2025-04-10 07:30:54.930: [INFO][Sync] Credentials changed for: EdgeSyncScopeNew
2025-04-10 07:30:56.591: [INFO][SyncAuthManager::SetLastAuthError] Current auth error: None
2025-04-10 07:30:56.591: [INFO][SyncAuthManager::EdgeLogTokenErrorState] Token error with: None for account type: MSA
2025-04-10 07:30:56.591: [INFO][Sync] Credentials changed for: EdgeSyncKeyDataScope
2025-04-10 07:30:56.591: [INFO][SyncEngineBackend::DoUpdateKeyDataCredentials] Update key data credentials
2025-04-10 07:30:56.591: [INFO][SyncEngineBackend::DoUpdateCredentials] Update credentials
2025-04-10 07:30:56.591: [INFO][SyncSchedulerImpl::DoConfigurationSyncCycleJob] Blocked types:  and types to download: Encryption Keys
2025-04-10 07:30:57.102: [INFO][Sync] Started DataTypeManager configuration, reason: 4
2025-04-10 07:30:57.102: [INFO][Sync] Configuring for: Bookmarks, Preferences, Passwords, Autofill Profiles, Autofill, Extensions, Sessions, Extension settings, History Delete Directives, Device Info, User Consents, Send Tab To Self, Web Apps, History, Saved Tab Group, Collection, Edge E Drop, Edge Hub App Usage, Edge Tab Group, Edge Wallet, Encryption Keys, reason: 4, current state: 0
2025-04-10 07:30:57.102: [WARN][Sync] Crypto error data types: Passwords, Autofill Profiles, Autofill
2025-04-10 07:30:57.109: [INFO][Sync] Configure, desired: Bookmarks, Preferences, Extensions, Sessions, Extension settings, History Delete Directives, Device Info, User Consents, Send Tab To Self, Web Apps, History, Saved Tab Group, Collection, Edge E Drop, Edge Hub App Usage, Edge Tab Group, Edge Wallet, Encryption Keys; Allow fail: Passwords, Autofill Profiles, Autofill
2025-04-10 07:30:57.110: [INFO][Sync] Loading: Bookmarks
2025-04-10 07:30:57.110: [INFO][Sync] Loading: Preferences
2025-04-10 07:30:57.110: [INFO][Sync] Loading: Extensions
2025-04-10 07:30:57.111: [INFO][Sync] Loading: Sessions
2025-04-10 07:30:57.111: [INFO][Sync] Loading: Extension settings
2025-04-10 07:30:57.111: [INFO][Sync] Loading: History Delete Directives
2025-04-10 07:30:57.111: [INFO][Sync] Loading: Device Info
2025-04-10 07:30:57.112: [INFO][Sync] Loading: User Consents
2025-04-10 07:30:57.112: [INFO][Sync] Loading: Send Tab To Self
2025-04-10 07:30:57.112: [INFO][Sync] Loading: Web Apps
2025-04-10 07:30:57.112: [INFO][Sync] Loading: History
2025-04-10 07:30:57.112: [INFO][Sync] Loading: Saved Tab Group
2025-04-10 07:30:57.112: [INFO][Sync] Loading: Collection
2025-04-10 07:30:57.112: [INFO][Sync] Loading: Edge E Drop
2025-04-10 07:30:57.112: [INFO][Sync] Loading: Edge Hub App Usage
2025-04-10 07:30:57.112: [INFO][Sync] Loading: Edge Tab Group
2025-04-10 07:30:57.112: [INFO][Sync] Loading: Edge Wallet
2025-04-10 07:30:57.132: [INFO][Sync] All data types are ready for configure.
2025-04-10 07:30:58.900: [INFO][Sync] Started DataTypeManager configuration, reason: 5
2025-04-10 07:30:58.900: [INFO][Sync] Configuring for: Bookmarks, Preferences, Passwords, Autofill Profiles, Autofill, Extensions, Sessions, Extension settings, History Delete Directives, Device Info, User Consents, Send Tab To Self, Web Apps, History, Saved Tab Group, Collection, Edge E Drop, Edge Hub App Usage, Edge Tab Group, Edge Wallet, Encryption Keys, reason: 5, current state: 1
2025-04-10 07:30:58.904: [INFO][SyncEngineBackend::DoStartConfiguration] Start configuration
2025-04-10 07:30:58.905: [INFO][SyncManagerImpl::ConfigureSyncer] Types to download:  with reason: 4
2025-04-10 07:30:58.905: [INFO][SyncEngineBackend::DoFinishConfigureDataTypes] Failed to download types:  and succeeded types: 
2025-04-10 07:30:58.905: [INFO][Sync] ConfigurationDone, failed: , succeeded: , remaining count: 4
2025-04-10 07:30:58.905: [WARN][Sync]     Reconfigure requested while configuration ongoing.
2025-04-10 07:30:58.905: [INFO][Sync] Configuring for: Bookmarks, Preferences, Passwords, Autofill Profiles, Autofill, Extensions, Sessions, Extension settings, History Delete Directives, Device Info, User Consents, Send Tab To Self, Web Apps, History, Saved Tab Group, Collection, Edge E Drop, Edge Hub App Usage, Edge Tab Group, Edge Wallet, Encryption Keys, reason: 5, current state: 2
2025-04-10 07:30:58.905: [INFO][Sync] Configure, desired: Bookmarks, Preferences, Passwords, Autofill Profiles, Autofill, Extensions, Sessions, Extension settings, History Delete Directives, Device Info, User Consents, Send Tab To Self, Web Apps, History, Saved Tab Group, Collection, Edge E Drop, Edge Hub App Usage, Edge Tab Group, Edge Wallet, Encryption Keys; Allow fail: 
2025-04-10 07:30:58.905: [INFO][Sync] Loading: Passwords
2025-04-10 07:30:58.905: [INFO][Sync] Loading: Autofill Profiles
2025-04-10 07:30:58.905: [INFO][Sync] Loading: Autofill
2025-04-10 07:30:58.906: [INFO][Sync] All data types are ready for configure.
2025-04-10 07:30:58.906: [INFO][SyncManagerImpl::NudgeForInitialDownload] Initial download nudge for Passwords
2025-04-10 07:30:58.906: [INFO][SyncManagerImpl::ConfigureSyncer] Types to download:  with reason: 5
2025-04-10 07:30:58.906: [INFO][SyncEngineBackend::DoFinishConfigureDataTypes] Failed to download types:  and succeeded types: 
2025-04-10 07:30:58.906: [INFO][Sync] ConfigurationDone, failed: , succeeded: , remaining count: 4
2025-04-10 07:30:58.906: [INFO][Sync] Prepare to configure types: Passwords, Encryption Keys
2025-04-10 07:30:58.907: [INFO][SyncManagerImpl::ConfigureSyncer] Types to download: Passwords, Encryption Keys with reason: 5
2025-04-10 07:30:58.907: [INFO][SyncSchedulerImpl::DoConfigurationSyncCycleJob] Blocked types:  and types to download: Passwords, Encryption Keys
2025-04-10 07:31:00.451: [INFO][SyncEngineBackend::DoFinishConfigureDataTypes] Failed to download types:  and succeeded types: Passwords, Encryption Keys
2025-04-10 07:31:00.458: [INFO][Sync] ConfigurationDone, failed: , succeeded: Passwords, Encryption Keys, remaining count: 3
2025-04-10 07:31:00.458: [INFO][SyncManagerImpl::ConfigureSyncer] Types to download:  with reason: 5
2025-04-10 07:31:00.458: [INFO][SyncEngineBackend::DoFinishConfigureDataTypes] Failed to download types:  and succeeded types: 
2025-04-10 07:31:00.459: [INFO][Sync] ConfigurationDone, failed: , succeeded: , remaining count: 2
2025-04-10 07:31:00.459: [INFO][SyncManagerImpl::ConfigureSyncer] Types to download:  with reason: 5
2025-04-10 07:31:00.459: [INFO][SyncEngineBackend::DoFinishConfigureDataTypes] Failed to download types:  and succeeded types: 
2025-04-10 07:31:00.461: [INFO][Sync] ConfigurationDone, failed: , succeeded: , remaining count: 1
2025-04-10 07:31:00.466: [INFO][SyncManagerImpl::ConfigureSyncer] Types to download:  with reason: 5
2025-04-10 07:31:00.466: [INFO][SyncEngineBackend::DoFinishConfigureDataTypes] Failed to download types:  and succeeded types: 
2025-04-10 07:31:00.467: [INFO][Sync] ConfigurationDone, failed: , succeeded: , remaining count: 0
2025-04-10 07:31:00.471: [INFO][Sync]     Configuration completed, state: 7
2025-04-10 07:31:00.472: [INFO][Sync] Configured DataTypeManager: Ok
2025-04-10 07:31:00.476: [INFO][SyncEngineBackend::DoStartSyncing] Start syncing
2025-04-10 07:31:16.286: [INFO][Sync] Reset engine, reason: 0
2025-04-10 07:31:16.286: [INFO][Sync] Reset engine with reason: 0
